[debug] [2022-09-30T21:11:20.173Z] ----------------------------------------------------------------------
[debug] [2022-09-30T21:11:20.174Z] Command:       /usr/bin/node /usr/bin/firebase init
[debug] [2022-09-30T21:11:20.175Z] CLI Version:   11.9.0
[debug] [2022-09-30T21:11:20.175Z] Platform:      linux
[debug] [2022-09-30T21:11:20.175Z] Node Version:  v16.16.0
[debug] [2022-09-30T21:11:20.175Z] Time:          Fri Sep 30 2022 23:11:20 GMT+0200 (Central European Summer Time)
[debug] [2022-09-30T21:11:20.175Z] ----------------------------------------------------------------------
[debug] 
[debug] [2022-09-30T21:11:20.177Z] >>> [apiv2][query] GET https://firebase-public.firebaseio.com/cli.json [none]
[debug] [2022-09-30T21:11:20.188Z] > command requires scopes: ["email","openid","https://www.googleapis.com/auth/cloudplatformprojects.readonly","https://www.googleapis.com/auth/firebase","https://www.googleapis.com/auth/cloud-platform"]
[debug] [2022-09-30T21:11:20.188Z] > authorizing via signed-in user (palpista11@gmail.com)
[info] 
     ######## #### ########  ######## ########     ###     ######  ########
     ##        ##  ##     ## ##       ##     ##  ##   ##  ##       ##
     ######    ##  ########  ######   ########  #########  ######  ######
     ##        ##  ##    ##  ##       ##     ## ##     ##       ## ##
     ##       #### ##     ## ######## ########  ##     ##  ######  ########

You're about to initialize a Firebase project in this directory:

  /home/ambrus/IdeaProjects/math-expression-parser

[debug] [2022-09-30T21:11:20.500Z] <<< [apiv2][status] GET https://firebase-public.firebaseio.com/cli.json 200
[debug] [2022-09-30T21:11:20.501Z] <<< [apiv2][body] GET https://firebase-public.firebaseio.com/cli.json {"cloudBuildErrorAfter":1594252800000,"cloudBuildWarnAfter":1590019200000,"defaultNode10After":1594252800000,"minVersion":"3.0.5","node8DeploysDisabledAfter":1613390400000,"node8RuntimeDisabledAfter":1615809600000,"node8WarnAfter":1600128000000}
